Using pre-set license
Built from '2021.3/staging' branch; Version is '2021.3.29f1 (204d6dc9ae1c) revision 2116973'; Using compiler version '192829333'; Build Type 'Release'
OS: 'Windows 11  (10.0.26200) 64bit Core' Language: 'en' Physical Memory: 7893 MB
BatchMode: 1, IsHumanControllingUs: 0, StartBugReporterOnCrash: 0, Is64bit: 1, IsPro: 1

COMMAND LINE ARGUMENTS:
C:\Program Files\Unity\Hub\Editor\2021.3.29f1\Editor\Unity.exe
-adb2
-batchMode
-noUpm
-name
AssetImportWorker0
-projectPath
C:/Users/pitif/Documents/MyMaze
-logFile
Logs/AssetImportWorker0.log
-srvPort
62492
Successfully changed project path to: C:/Users/pitif/Documents/MyMaze
C:/Users/pitif/Documents/MyMaze
[UnityMemory] Configuration Parameters - Can be set up in boot.config
    "memorysetup-bucket-allocator-granularity=16"
    "memorysetup-bucket-allocator-bucket-count=8"
    "memorysetup-bucket-allocator-block-size=33554432"
    "memorysetup-bucket-allocator-block-count=8"
    "memorysetup-main-allocator-block-size=16777216"
    "memorysetup-thread-allocator-block-size=16777216"
    "memorysetup-gfx-main-allocator-block-size=16777216"
    "memorysetup-gfx-thread-allocator-block-size=16777216"
    "memorysetup-cache-allocator-block-size=4194304"
    "memorysetup-typetree-allocator-block-size=2097152"
    "memorysetup-profiler-bucket-allocator-granularity=16"
    "memorysetup-profiler-bucket-allocator-bucket-count=8"
    "memorysetup-profiler-bucket-allocator-block-size=33554432"
    "memorysetup-profiler-bucket-allocator-block-count=8"
    "memorysetup-profiler-allocator-block-size=16777216"
    "memorysetup-profiler-editor-allocator-block-size=1048576"
    "memorysetup-temp-allocator-size-main=16777216"
    "memorysetup-job-temp-allocator-block-size=2097152"
    "memorysetup-job-temp-allocator-block-size-background=1048576"
    "memorysetup-job-temp-allocator-reduction-small-platforms=262144"
    "memorysetup-temp-allocator-size-background-worker=32768"
    "memorysetup-temp-allocator-size-job-worker=262144"
    "memorysetup-temp-allocator-size-preload-manager=33554432"
    "memorysetup-temp-allocator-size-nav-mesh-worker=65536"
    "memorysetup-temp-allocator-size-audio-worker=65536"
    "memorysetup-temp-allocator-size-cloud-worker=32768"
    "memorysetup-temp-allocator-size-gi-baking-worker=262144"
    "memorysetup-temp-allocator-size-gfx=262144"
Player connection [27568] Host "[IP] 192.168.0.100 [Port] 0 [Flags] 2 [Guid] 3253385130 [EditorId] 3253385130 [Version] 1048832 [Id] WindowsEditor(7,MSI) [Debug] 1 [PackageName] WindowsEditor [ProjectName] Editor" joined multi-casting on [225.0.0.222:54997]...

Player connection [27568] Host "[IP] 192.168.0.100 [Port] 0 [Flags] 2 [Guid] 3253385130 [EditorId] 3253385130 [Version] 1048832 [Id] WindowsEditor(7,MSI) [Debug] 1 [PackageName] WindowsEditor [ProjectName] Editor" joined alternative multi-casting on [225.0.0.222:34997]...

Refreshing native plugins compatible for Editor in 55.69 ms, found 3 plugins.
Preloading 0 native plugins for Editor in 0.00 ms.
Initialize engine version: 2021.3.29f1 (204d6dc9ae1c)
[Subsystems] Discovering subsystems at path C:/Program Files/Unity/Hub/Editor/2021.3.29f1/Editor/Data/Resources/UnitySubsystems
[Subsystems] Discovering subsystems at path C:/Users/pitif/Documents/MyMaze/Assets
GfxDevice: creating device client; threaded=0; jobified=0
Direct3D:
    Version:  Direct3D 11.0 [level 11.1]
    Renderer: NVIDIA GeForce GTX 1650 with Max-Q Design (ID=0x1f9d)
    Vendor:   NVIDIA
    VRAM:     3938 MB
    Driver:   32.0.15.5599
Initialize mono
Mono path[0] = 'C:/Program Files/Unity/Hub/Editor/2021.3.29f1/Editor/Data/Managed'
Mono path[1] = 'C:/Program Files/Unity/Hub/Editor/2021.3.29f1/Editor/Data/MonoBleedingEdge/lib/mono/unityjit-win32'
Mono config path = 'C:/Program Files/Unity/Hub/Editor/2021.3.29f1/Editor/Data/MonoBleedingEdge/etc'
Using monoOptions --debugger-agent=transport=dt_socket,embedding=1,server=y,suspend=n,address=127.0.0.1:56272
Begin MonoManager ReloadAssembly
Registering precompiled unity dll's ...
Register platform support module: C:/Program Files/Unity/Hub/Editor/2021.3.29f1/Editor/Data/PlaybackEngines/WindowsStandaloneSupport/UnityEditor.WindowsStandalone.Extensions.dll
Registered in 0.006103 seconds.
Native extension for WindowsStandalone target not found
Refreshing native plugins compatible for Editor in 56.55 ms, found 3 plugins.
Preloading 0 native plugins for Editor in 0.00 ms.
Mono: successfully reloaded assembly
- Completed reload, in  0.614 seconds
Domain Reload Profiling:
	ReloadAssembly (614ms)
		BeginReloadAssembly (135ms)
			ExecutionOrderSort (0ms)
			DisableScriptedObjects (0ms)
			BackupInstance (0ms)
			ReleaseScriptingObjects (0ms)
			CreateAndSetChildDomain (1ms)
		EndReloadAssembly (396ms)
			LoadAssemblies (134ms)
			RebuildTransferFunctionScriptingTraits (0ms)
			SetupTypeCache (99ms)
			ReleaseScriptCaches (0ms)
			RebuildScriptCaches (24ms)
			SetupLoadedEditorAssemblies (228ms)
				LogAssemblyErrors (0ms)
				InitializePlatformSupportModulesInManaged (6ms)
				SetLoadedEditorAssemblies (0ms)
				RefreshPlugins (57ms)
				BeforeProcessingInitializeOnLoad (1ms)
				ProcessInitializeOnLoadAttributes (122ms)
				ProcessInitializeOnLoadMethodAttributes (42ms)
				AfterProcessingInitializeOnLoad (0ms)
				EditorAssembliesLoaded (0ms)
			ExecutionOrderSort2 (0ms)
			AwakeInstancesAfterBackupRestoration (0ms)
Platform modules already initialized, skipping
Registering precompiled user dll's ...
Registered in 0.003491 seconds.
Begin MonoManager ReloadAssembly
Symbol file LoadedFromMemory doesn't match image C:\Users\pitif\Documents\MyMaze\Library\PackageCache\com.unity.visualscripting@1.8.0\Editor\VisualScripting.Core\Dependencies\YamlDotNet\Unity.VisualScripting.YamlDotNet.dll
Symbol file LoadedFromMemory doesn't match image C:\Users\pitif\Documents\MyMaze\Library\PackageCache\com.unity.visualscripting@1.8.0\Editor\VisualScripting.Core\Dependencies\DotNetZip\Unity.VisualScripting.IonicZip.dll
Native extension for WindowsStandalone target not found
Refreshing native plugins compatible for Editor in 0.71 ms, found 3 plugins.
Preloading 0 native plugins for Editor in 0.00 ms.
Mono: successfully reloaded assembly
- Completed reload, in  1.112 seconds
Domain Reload Profiling:
	ReloadAssembly (1113ms)
		BeginReloadAssembly (133ms)
			ExecutionOrderSort (0ms)
			DisableScriptedObjects (6ms)
			BackupInstance (0ms)
			ReleaseScriptingObjects (0ms)
			CreateAndSetChildDomain (24ms)
		EndReloadAssembly (857ms)
			LoadAssemblies (170ms)
			RebuildTransferFunctionScriptingTraits (0ms)
			SetupTypeCache (269ms)
			ReleaseScriptCaches (1ms)
			RebuildScriptCaches (46ms)
			SetupLoadedEditorAssemblies (350ms)
				LogAssemblyErrors (0ms)
				InitializePlatformSupportModulesInManaged (6ms)
				SetLoadedEditorAssemblies (1ms)
				RefreshPlugins (1ms)
				BeforeProcessingInitializeOnLoad (70ms)
				ProcessInitializeOnLoadAttributes (235ms)
				ProcessInitializeOnLoadMethodAttributes (28ms)
				AfterProcessingInitializeOnLoad (10ms)
				EditorAssembliesLoaded (0ms)
			ExecutionOrderSort2 (0ms)
			AwakeInstancesAfterBackupRestoration (12ms)
Platform modules already initialized, skipping
========================================================================
Worker process is ready to serve import requests
Launched and connected shader compiler UnityShaderCompiler.exe after 0.07 seconds
Refreshing native plugins compatible for Editor in 0.86 ms, found 3 plugins.
Preloading 0 native plugins for Editor in 0.00 ms.
Unloading 3052 Unused Serialized files (Serialized files now loaded: 0)
Unloading 22 unused Assets / (46.4 KB). Loaded Objects now: 3514.
Memory consumption went from 107.5 MB to 107.5 MB.
Total: 3.868600 ms (FindLiveObjects: 0.395900 ms CreateObjectMapping: 0.155100 ms MarkObjects: 3.213200 ms  DeleteObjects: 0.102500 ms)

AssetImportParameters requested are different than current active one (requested -> active):
  custom:video-decoder-ogg-theora: a1e56fd34408186e4bbccfd4996cb3dc -> 
  custom:container-muxer-webm: aa71ff27fc2769a1b78a27578f13a17b -> 
  custom:container-demuxer-webm: 4f35f7cbe854078d1ac9338744f61a02 -> 
  custom:video-encoder-webm-vp8: eb34c28f22e8b96e1ab97ce403110664 -> 
  custom:CustomObjectIndexerAttribute: bc11b3a6c3213fcdd17b65e7da85e133 -> 
  custom:audio-encoder-webm-vorbis: bf7c407c2cedff20999df2af8eb42d56 -> 
  custom:framework-win-MediaFoundation: 216162199b28c13a410421893ffa2e32 -> 
  custom:container-demuxer-ogg: 62fdf1f143b41e24485cea50d1cbac27 -> 
  custom:video-decoder-webm-vp8: 9c59270c3fd7afecdb556c50c9e8de78 -> 
  custom:audio-decoder-ogg-vorbis: bf7c407c2cedff20999df2af8eb42d56 -> 
========================================================================
Received Import Request.
  Time since last request: 208190.439823 seconds.
  path: Assets/Scenes/SampleScene.unity
  artifactKey: Guid(9fc0d4010bbf28b4594072e72b8655ab) Importer(815301076,1909f56bfc062723c751e8b465ee728b)
Start importing Assets/Scenes/SampleScene.unity using Guid(9fc0d4010bbf28b4594072e72b8655ab) Importer(815301076,1909f56bfc062723c751e8b465ee728b)  -> (artifact id: '415eec718a16f570fa5b96d8bdcfa47a') in 0.014069 seconds 
========================================================================
Received Import Request.
  Time since last request: 1.130511 seconds.
  path: Assets/Scenes
  artifactKey: Guid(50b3ce708c2b26a41892dcc01005895f) Importer(815301076,1909f56bfc062723c751e8b465ee728b)
Start importing Assets/Scenes using Guid(50b3ce708c2b26a41892dcc01005895f) Importer(815301076,1909f56bfc062723c751e8b465ee728b)  -> (artifact id: '52cf41a792a27f779ada3630ca30bde9') in 0.002157 seconds 
========================================================================
Received Import Request.
  Time since last request: 71.795098 seconds.
  path: Assets/Scenes/Loading.unity
  artifactKey: Guid(ccbb498bab9e23d49b653cf9f0f83c39) Importer(815301076,1909f56bfc062723c751e8b465ee728b)
Start importing Assets/Scenes/Loading.unity using Guid(ccbb498bab9e23d49b653cf9f0f83c39) Importer(815301076,1909f56bfc062723c751e8b465ee728b)  -> (artifact id: 'dd9af3759ef551fad0980813bc235040') in 0.002300 seconds 
========================================================================
Received Import Request.
  Time since last request: 48.302303 seconds.
  path: Assets/Scenes/MainMenu.unity
  artifactKey: Guid(2bc36da1760f06f45b87ed1f1ed865c2) Importer(815301076,1909f56bfc062723c751e8b465ee728b)
Start importing Assets/Scenes/MainMenu.unity using Guid(2bc36da1760f06f45b87ed1f1ed865c2) Importer(815301076,1909f56bfc062723c751e8b465ee728b)  -> (artifact id: '80908cbd22b0629cfc15446fde2b3e17') in 0.003755 seconds 
========================================================================
Received Import Request.
  Time since last request: 36.598874 seconds.
  path: Assets/Scenes/SampleScene 1.unity
  artifactKey: Guid(5adce48f6a2987c408466fb8cb0c6659) Importer(815301076,1909f56bfc062723c751e8b465ee728b)
Start importing Assets/Scenes/SampleScene 1.unity using Guid(5adce48f6a2987c408466fb8cb0c6659) Importer(815301076,1909f56bfc062723c751e8b465ee728b)  -> (artifact id: 'c4966b3bc8d155da6e10ddc5f7a1e218') in 0.002233 seconds 
========================================================================
Received Import Request.
  Time since last request: 15.112873 seconds.
  path: Assets/Scenes/Main Menu.unity
  artifactKey: Guid(5adce48f6a2987c408466fb8cb0c6659) Importer(815301076,1909f56bfc062723c751e8b465ee728b)
Start importing Assets/Scenes/Main Menu.unity using Guid(5adce48f6a2987c408466fb8cb0c6659) Importer(815301076,1909f56bfc062723c751e8b465ee728b)  -> (artifact id: '2a8751c0cb1eb6b6d570d927aed00132') in 0.002190 seconds 
========================================================================
Received Import Request.
  Time since last request: 12.128222 seconds.
  path: Assets/Scenes/MainMenu.unity
  artifactKey: Guid(2bc36da1760f06f45b87ed1f1ed865c2) Importer(815301076,1909f56bfc062723c751e8b465ee728b)
Start importing Assets/Scenes/MainMenu.unity using Guid(2bc36da1760f06f45b87ed1f1ed865c2) Importer(815301076,1909f56bfc062723c751e8b465ee728b)  -> (artifact id: '3ae86e18923647fd5878aea5ebb97029') in 0.002250 seconds 
========================================================================
Received Import Request.
  Time since last request: 69.829113 seconds.
  path: Assets/Scenes/Main Menu.unity
  artifactKey: Guid(5adce48f6a2987c408466fb8cb0c6659) Importer(815301076,1909f56bfc062723c751e8b465ee728b)
Start importing Assets/Scenes/Main Menu.unity using Guid(5adce48f6a2987c408466fb8cb0c6659) Importer(815301076,1909f56bfc062723c751e8b465ee728b)  -> (artifact id: '5fdf2854b561995c9243ad2d3ae5a0e9') in 0.001825 seconds 
========================================================================
Received Import Request.
  Time since last request: 1772.669210 seconds.
  path: Assets/Scenes/Loading.unity
  artifactKey: Guid(ccbb498bab9e23d49b653cf9f0f83c39) Importer(815301076,1909f56bfc062723c751e8b465ee728b)
Start importing Assets/Scenes/Loading.unity using Guid(ccbb498bab9e23d49b653cf9f0f83c39) Importer(815301076,1909f56bfc062723c751e8b465ee728b)  -> (artifact id: '5bfa986372a7b9036275863258dd9a12') in 0.015228 seconds 
========================================================================
Received Prepare
Registering precompiled user dll's ...
Registered in 0.005038 seconds.
Begin MonoManager ReloadAssembly
Symbol file LoadedFromMemory doesn't match image C:\Users\pitif\Documents\MyMaze\Library\PackageCache\com.unity.visualscripting@1.8.0\Editor\VisualScripting.Core\Dependencies\YamlDotNet\Unity.VisualScripting.YamlDotNet.dll
Symbol file LoadedFromMemory doesn't match image C:\Users\pitif\Documents\MyMaze\Library\PackageCache\com.unity.visualscripting@1.8.0\Editor\VisualScripting.Core\Dependencies\DotNetZip\Unity.VisualScripting.IonicZip.dll
Native extension for WindowsStandalone target not found
Refreshing native plugins compatible for Editor in 0.61 ms, found 3 plugins.
Preloading 0 native plugins for Editor in 0.00 ms.
Mono: successfully reloaded assembly
- Completed reload, in  1.815 seconds
Domain Reload Profiling:
	ReloadAssembly (1823ms)
		BeginReloadAssembly (998ms)
			ExecutionOrderSort (1ms)
			DisableScriptedObjects (68ms)
			BackupInstance (0ms)
			ReleaseScriptingObjects (0ms)
			CreateAndSetChildDomain (385ms)
		EndReloadAssembly (719ms)
			LoadAssemblies (142ms)
			RebuildTransferFunctionScriptingTraits (0ms)
			SetupTypeCache (279ms)
			ReleaseScriptCaches (2ms)
			RebuildScriptCaches (38ms)
			SetupLoadedEditorAssemblies (276ms)
				LogAssemblyErrors (0ms)
				InitializePlatformSupportModulesInManaged (7ms)
				SetLoadedEditorAssemblies (1ms)
				RefreshPlugins (1ms)
				BeforeProcessingInitializeOnLoad (59ms)
				ProcessInitializeOnLoadAttributes (184ms)
				ProcessInitializeOnLoadMethodAttributes (18ms)
				AfterProcessingInitializeOnLoad (6ms)
				EditorAssembliesLoaded (0ms)
			ExecutionOrderSort2 (0ms)
			AwakeInstancesAfterBackupRestoration (6ms)
Platform modules already initialized, skipping
Refreshing native plugins compatible for Editor in 2.59 ms, found 3 plugins.
Preloading 0 native plugins for Editor in 0.00 ms.
Unloading 3046 Unused Serialized files (Serialized files now loaded: 0)
Unloading 15 unused Assets / (21.9 KB). Loaded Objects now: 3518.
Memory consumption went from 107.3 MB to 107.3 MB.
Total: 15.008100 ms (FindLiveObjects: 0.753900 ms CreateObjectMapping: 0.209500 ms MarkObjects: 13.224500 ms  DeleteObjects: 0.818300 ms)

AssetImportParameters requested are different than current active one (requested -> active):
  custom:video-decoder-ogg-theora: a1e56fd34408186e4bbccfd4996cb3dc -> 
  custom:container-muxer-webm: aa71ff27fc2769a1b78a27578f13a17b -> 
  custom:container-demuxer-webm: 4f35f7cbe854078d1ac9338744f61a02 -> 
  custom:video-encoder-webm-vp8: eb34c28f22e8b96e1ab97ce403110664 -> 
  custom:CustomObjectIndexerAttribute: bc11b3a6c3213fcdd17b65e7da85e133 -> 
  custom:audio-encoder-webm-vorbis: bf7c407c2cedff20999df2af8eb42d56 -> 
  custom:framework-win-MediaFoundation: 216162199b28c13a410421893ffa2e32 -> 
  custom:container-demuxer-ogg: 62fdf1f143b41e24485cea50d1cbac27 -> 
  custom:video-decoder-webm-vp8: 9c59270c3fd7afecdb556c50c9e8de78 -> 
  custom:audio-decoder-ogg-vorbis: bf7c407c2cedff20999df2af8eb42d56 -> 
========================================================================
Received Import Request.
  Time since last request: 653.572737 seconds.
  path: Assets/Button.cs
  artifactKey: Guid(f0e41fd8cac8ec046bbd20a3b7aada51) Importer(815301076,1909f56bfc062723c751e8b465ee728b)
Start importing Assets/Button.cs using Guid(f0e41fd8cac8ec046bbd20a3b7aada51) Importer(815301076,1909f56bfc062723c751e8b465ee728b)  -> (artifact id: '9c0a012cc4e60a3416a47a81855d9a92') in 0.071767 seconds 
========================================================================
Received Prepare
Registering precompiled user dll's ...
Registered in 0.005054 seconds.
Begin MonoManager ReloadAssembly
Symbol file LoadedFromMemory doesn't match image C:\Users\pitif\Documents\MyMaze\Library\PackageCache\com.unity.visualscripting@1.8.0\Editor\VisualScripting.Core\Dependencies\YamlDotNet\Unity.VisualScripting.YamlDotNet.dll
Symbol file LoadedFromMemory doesn't match image C:\Users\pitif\Documents\MyMaze\Library\PackageCache\com.unity.visualscripting@1.8.0\Editor\VisualScripting.Core\Dependencies\DotNetZip\Unity.VisualScripting.IonicZip.dll
Native extension for WindowsStandalone target not found
Refreshing native plugins compatible for Editor in 0.49 ms, found 3 plugins.
Preloading 0 native plugins for Editor in 0.00 ms.
Mono: successfully reloaded assembly
- Completed reload, in  0.895 seconds
Domain Reload Profiling:
	ReloadAssembly (896ms)
		BeginReloadAssembly (135ms)
			ExecutionOrderSort (0ms)
			DisableScriptedObjects (4ms)
			BackupInstance (0ms)
			ReleaseScriptingObjects (0ms)
			CreateAndSetChildDomain (42ms)
		EndReloadAssembly (685ms)
			LoadAssemblies (91ms)
			RebuildTransferFunctionScriptingTraits (0ms)
			SetupTypeCache (225ms)
			ReleaseScriptCaches (1ms)
			RebuildScriptCaches (32ms)
			SetupLoadedEditorAssemblies (299ms)
				LogAssemblyErrors (0ms)
				InitializePlatformSupportModulesInManaged (6ms)
				SetLoadedEditorAssemblies (0ms)
				RefreshPlugins (1ms)
				BeforeProcessingInitializeOnLoad (47ms)
				ProcessInitializeOnLoadAttributes (212ms)
				ProcessInitializeOnLoadMethodAttributes (23ms)
				AfterProcessingInitializeOnLoad (10ms)
				EditorAssembliesLoaded (0ms)
			ExecutionOrderSort2 (0ms)
			AwakeInstancesAfterBackupRestoration (9ms)
Platform modules already initialized, skipping
Refreshing native plugins compatible for Editor in 1.45 ms, found 3 plugins.
Preloading 0 native plugins for Editor in 0.00 ms.
Unloading 3046 Unused Serialized files (Serialized files now loaded: 0)
Unloading 15 unused Assets / (22.0 KB). Loaded Objects now: 3521.
Memory consumption went from 107.3 MB to 107.3 MB.
Total: 2.553700 ms (FindLiveObjects: 0.229300 ms CreateObjectMapping: 0.082100 ms MarkObjects: 2.215100 ms  DeleteObjects: 0.026000 ms)

AssetImportParameters requested are different than current active one (requested -> active):
  custom:video-decoder-ogg-theora: a1e56fd34408186e4bbccfd4996cb3dc -> 
  custom:container-muxer-webm: aa71ff27fc2769a1b78a27578f13a17b -> 
  custom:container-demuxer-webm: 4f35f7cbe854078d1ac9338744f61a02 -> 
  custom:video-encoder-webm-vp8: eb34c28f22e8b96e1ab97ce403110664 -> 
  custom:CustomObjectIndexerAttribute: bc11b3a6c3213fcdd17b65e7da85e133 -> 
  custom:audio-encoder-webm-vorbis: bf7c407c2cedff20999df2af8eb42d56 -> 
  custom:framework-win-MediaFoundation: 216162199b28c13a410421893ffa2e32 -> 
  custom:container-demuxer-ogg: 62fdf1f143b41e24485cea50d1cbac27 -> 
  custom:video-decoder-webm-vp8: 9c59270c3fd7afecdb556c50c9e8de78 -> 
  custom:audio-decoder-ogg-vorbis: bf7c407c2cedff20999df2af8eb42d56 -> 
========================================================================
Received Import Request.
  Time since last request: 751.535057 seconds.
  path: Assets/Scenes/Main Menu.unity
  artifactKey: Guid(5adce48f6a2987c408466fb8cb0c6659) Importer(815301076,1909f56bfc062723c751e8b465ee728b)
Start importing Assets/Scenes/Main Menu.unity using Guid(5adce48f6a2987c408466fb8cb0c6659) Importer(815301076,1909f56bfc062723c751e8b465ee728b)  -> (artifact id: 'cfd8dfbc2156deedd01c55a47158bf0b') in 0.475782 seconds 
========================================================================
Received Import Request.
  Time since last request: 5.378986 seconds.
  path: Assets/Scenes/Main Menu.unity
  artifactKey: Guid(5adce48f6a2987c408466fb8cb0c6659) Importer(815301076,1909f56bfc062723c751e8b465ee728b)
Start importing Assets/Scenes/Main Menu.unity using Guid(5adce48f6a2987c408466fb8cb0c6659) Importer(815301076,1909f56bfc062723c751e8b465ee728b)  -> (artifact id: 'a01ecee4497d58d26a2bf50c7c52d2ac') in 0.003314 seconds 
========================================================================
Received Import Request.
  Time since last request: 8.886830 seconds.
  path: Assets/Scenes/Main Menu 1.unity
  artifactKey: Guid(68b8f428a5d1d25438d7d8da2032509f) Importer(815301076,1909f56bfc062723c751e8b465ee728b)
Start importing Assets/Scenes/Main Menu 1.unity using Guid(68b8f428a5d1d25438d7d8da2032509f) Importer(815301076,1909f56bfc062723c751e8b465ee728b)  -> (artifact id: 'fad5cc8fb7fea31c8c9d2bb245b1315a') in 0.004433 seconds 
========================================================================
Received Import Request.
  Time since last request: 6.284464 seconds.
  path: Assets/Scenes/Loading.unity
  artifactKey: Guid(68b8f428a5d1d25438d7d8da2032509f) Importer(815301076,1909f56bfc062723c751e8b465ee728b)
Start importing Assets/Scenes/Loading.unity using Guid(68b8f428a5d1d25438d7d8da2032509f) Importer(815301076,1909f56bfc062723c751e8b465ee728b)  -> (artifact id: '1930511ce115018a1e3ac9335e741ff5') in 0.002002 seconds 
========================================================================
Received Import Request.
  Time since last request: 58.908343 seconds.
  path: Assets/Texture/Materials
  artifactKey: Guid(8f21365749e2a7a4f8ca3c3865ee508e) Importer(815301076,1909f56bfc062723c751e8b465ee728b)
Start importing Assets/Texture/Materials using Guid(8f21365749e2a7a4f8ca3c3865ee508e) Importer(815301076,1909f56bfc062723c751e8b465ee728b)  -> (artifact id: '001a7d22b48df456e54c790c1e533efb') in 0.005377 seconds 
========================================================================
Received Import Request.
  Time since last request: 0.095500 seconds.
  path: Assets/Texture/Materials/kavowo-paper-3155438_1280.mat
  artifactKey: Guid(0be9b55faf78d104789fbbc0c6cd0488) Importer(815301076,1909f56bfc062723c751e8b465ee728b)
Start importing Assets/Texture/Materials/kavowo-paper-3155438_1280.mat using Guid(0be9b55faf78d104789fbbc0c6cd0488) Importer(815301076,1909f56bfc062723c751e8b465ee728b)  -> (artifact id: '1f87638e94a535f2e5b74a94b2710ba4') in 0.958111 seconds 
========================================================================
Received Import Request.
  Time since last request: 0.000038 seconds.
  path: Assets/Texture/Materials/pexels-wood-1846849_1280.mat
  artifactKey: Guid(b30e608a545795740a05e1c156034e3b) Importer(815301076,1909f56bfc062723c751e8b465ee728b)
Start importing Assets/Texture/Materials/pexels-wood-1846849_1280.mat using Guid(b30e608a545795740a05e1c156034e3b) Importer(815301076,1909f56bfc062723c751e8b465ee728b)  -> (artifact id: '3d68fddf9b72c1408dbaf53e65a64027') in 0.023184 seconds 
========================================================================
Received Import Request.
  Time since last request: 311.393153 seconds.
  path: Assets/LoadingSlider.cs
  artifactKey: Guid(695bceeb94adeb748bd98f9c205b7123) Importer(815301076,1909f56bfc062723c751e8b465ee728b)
Start importing Assets/LoadingSlider.cs using Guid(695bceeb94adeb748bd98f9c205b7123) Importer(815301076,1909f56bfc062723c751e8b465ee728b)  -> (artifact id: '395c92303a8fc79c1ec9b8ad53466526') in 0.029288 seconds 
========================================================================
Received Import Request.
  Time since last request: 312.455300 seconds.
  path: Assets/Scenes/Main Menu.unity
  artifactKey: Guid(5adce48f6a2987c408466fb8cb0c6659) Importer(815301076,1909f56bfc062723c751e8b465ee728b)
Start importing Assets/Scenes/Main Menu.unity using Guid(5adce48f6a2987c408466fb8cb0c6659) Importer(815301076,1909f56bfc062723c751e8b465ee728b)  -> (artifact id: 'e65072e712a7406cdef6feb3861baeb3') in 0.015773 seconds 
